2020-09-21 13:24:25.751 [main] WARN  org.mybatis.spring.mapper.ClassPathMapperScanner - Skipping MapperFactoryBean with name 'courseMapper' and 'com.tl.cmsservice.mapper.CourseMapper' mapperInterface. Bean already defined with the same name!
2020-09-21 13:24:25.752 [main] WARN  org.mybatis.spring.mapper.ClassPathMapperScanner - Skipping MapperFactoryBean with name 'eduChapterMapper' and 'com.tl.cmsservice.mapper.EduChapterMapper' mapperInterface. Bean already defined with the same name!
2020-09-21 13:24:25.752 [main] WARN  org.mybatis.spring.mapper.ClassPathMapperScanner - Skipping MapperFactoryBean with name 'eduCommentMapper' and 'com.tl.cmsservice.mapper.EduCommentMapper' mapperInterface. Bean already defined with the same name!
2020-09-21 13:24:25.753 [main] WARN  org.mybatis.spring.mapper.ClassPathMapperScanner - Skipping MapperFactoryBean with name 'eduCourseCollectMapper' and 'com.tl.cmsservice.mapper.EduCourseCollectMapper' mapperInterface. Bean already defined with the same name!
2020-09-21 13:24:25.754 [main] WARN  org.mybatis.spring.mapper.ClassPathMapperScanner - Skipping MapperFactoryBean with name 'eduCourseDescriptionMapper' and 'com.tl.cmsservice.mapper.EduCourseDescriptionMapper' mapperInterface. Bean already defined with the same name!
2020-09-21 13:24:25.755 [main] WARN  org.mybatis.spring.mapper.ClassPathMapperScanner - Skipping MapperFactoryBean with name 'eduCourseMapper' and 'com.tl.cmsservice.mapper.EduCourseMapper' mapperInterface. Bean already defined with the same name!
2020-09-21 13:24:25.755 [main] WARN  org.mybatis.spring.mapper.ClassPathMapperScanner - Skipping MapperFactoryBean with name 'eduSubjectMapper' and 'com.tl.cmsservice.mapper.EduSubjectMapper' mapperInterface. Bean already defined with the same name!
2020-09-21 13:24:25.755 [main] WARN  org.mybatis.spring.mapper.ClassPathMapperScanner - Skipping MapperFactoryBean with name 'eduTeacherMapper' and 'com.tl.cmsservice.mapper.EduTeacherMapper' mapperInterface. Bean already defined with the same name!
2020-09-21 13:24:25.756 [main] WARN  org.mybatis.spring.mapper.ClassPathMapperScanner - Skipping MapperFactoryBean with name 'eduVideoMapper' and 'com.tl.cmsservice.mapper.EduVideoMapper' mapperInterface. Bean already defined with the same name!
2020-09-21 13:24:25.756 [main] WARN  org.mybatis.spring.mapper.ClassPathMapperScanner - No MyBatis mapper was found in '[com.tl.cmsservice.mapper]' package. Please check your configuration.
2020-09-21 13:24:30.671 [main] WARN  com.netflix.config.sources.URLConfigurationSource - No URLs will be polled as dynamic configuration sources.
2020-09-21 13:24:30.685 [main] WARN  com.netflix.config.sources.URLConfigurationSource - No URLs will be polled as dynamic configuration sources.
2020-09-21 13:26:32.649 [main] WARN  org.mybatis.spring.mapper.ClassPathMapperScanner - Skipping MapperFactoryBean with name 'courseMapper' and 'com.tl.cmsservice.mapper.CourseMapper' mapperInterface. Bean already defined with the same name!
2020-09-21 13:26:32.649 [main] WARN  org.mybatis.spring.mapper.ClassPathMapperScanner - Skipping MapperFactoryBean with name 'eduChapterMapper' and 'com.tl.cmsservice.mapper.EduChapterMapper' mapperInterface. Bean already defined with the same name!
2020-09-21 13:26:32.650 [main] WARN  org.mybatis.spring.mapper.ClassPathMapperScanner - Skipping MapperFactoryBean with name 'eduCommentMapper' and 'com.tl.cmsservice.mapper.EduCommentMapper' mapperInterface. Bean already defined with the same name!
2020-09-21 13:26:32.650 [main] WARN  org.mybatis.spring.mapper.ClassPathMapperScanner - Skipping MapperFactoryBean with name 'eduCourseCollectMapper' and 'com.tl.cmsservice.mapper.EduCourseCollectMapper' mapperInterface. Bean already defined with the same name!
2020-09-21 13:26:32.651 [main] WARN  org.mybatis.spring.mapper.ClassPathMapperScanner - Skipping MapperFactoryBean with name 'eduCourseDescriptionMapper' and 'com.tl.cmsservice.mapper.EduCourseDescriptionMapper' mapperInterface. Bean already defined with the same name!
2020-09-21 13:26:32.652 [main] WARN  org.mybatis.spring.mapper.ClassPathMapperScanner - Skipping MapperFactoryBean with name 'eduCourseMapper' and 'com.tl.cmsservice.mapper.EduCourseMapper' mapperInterface. Bean already defined with the same name!
2020-09-21 13:26:32.653 [main] WARN  org.mybatis.spring.mapper.ClassPathMapperScanner - Skipping MapperFactoryBean with name 'eduSubjectMapper' and 'com.tl.cmsservice.mapper.EduSubjectMapper' mapperInterface. Bean already defined with the same name!
2020-09-21 13:26:32.653 [main] WARN  org.mybatis.spring.mapper.ClassPathMapperScanner - Skipping MapperFactoryBean with name 'eduTeacherMapper' and 'com.tl.cmsservice.mapper.EduTeacherMapper' mapperInterface. Bean already defined with the same name!
2020-09-21 13:26:32.658 [main] WARN  org.mybatis.spring.mapper.ClassPathMapperScanner - Skipping MapperFactoryBean with name 'eduVideoMapper' and 'com.tl.cmsservice.mapper.EduVideoMapper' mapperInterface. Bean already defined with the same name!
2020-09-21 13:26:32.659 [main] WARN  org.mybatis.spring.mapper.ClassPathMapperScanner - No MyBatis mapper was found in '[com.tl.cmsservice.mapper]' package. Please check your configuration.
2020-09-21 13:26:36.476 [main] WARN  com.netflix.config.sources.URLConfigurationSource - No URLs will be polled as dynamic configuration sources.
2020-09-21 13:26:36.483 [main] WARN  com.netflix.config.sources.URLConfigurationSource - No URLs will be polled as dynamic configuration sources.
2020-09-21 13:28:13.484 [main] WARN  org.mybatis.spring.mapper.ClassPathMapperScanner - Skipping MapperFactoryBean with name 'courseMapper' and 'com.tl.cmsservice.mapper.CourseMapper' mapperInterface. Bean already defined with the same name!
2020-09-21 13:28:13.485 [main] WARN  org.mybatis.spring.mapper.ClassPathMapperScanner - Skipping MapperFactoryBean with name 'eduChapterMapper' and 'com.tl.cmsservice.mapper.EduChapterMapper' mapperInterface. Bean already defined with the same name!
2020-09-21 13:28:13.485 [main] WARN  org.mybatis.spring.mapper.ClassPathMapperScanner - Skipping MapperFactoryBean with name 'eduCommentMapper' and 'com.tl.cmsservice.mapper.EduCommentMapper' mapperInterface. Bean already defined with the same name!
2020-09-21 13:28:13.485 [main] WARN  org.mybatis.spring.mapper.ClassPathMapperScanner - Skipping MapperFactoryBean with name 'eduCourseCollectMapper' and 'com.tl.cmsservice.mapper.EduCourseCollectMapper' mapperInterface. Bean already defined with the same name!
2020-09-21 13:28:13.485 [main] WARN  org.mybatis.spring.mapper.ClassPathMapperScanner - Skipping MapperFactoryBean with name 'eduCourseDescriptionMapper' and 'com.tl.cmsservice.mapper.EduCourseDescriptionMapper' mapperInterface. Bean already defined with the same name!
2020-09-21 13:28:13.486 [main] WARN  org.mybatis.spring.mapper.ClassPathMapperScanner - Skipping MapperFactoryBean with name 'eduCourseMapper' and 'com.tl.cmsservice.mapper.EduCourseMapper' mapperInterface. Bean already defined with the same name!
2020-09-21 13:28:13.486 [main] WARN  org.mybatis.spring.mapper.ClassPathMapperScanner - Skipping MapperFactoryBean with name 'eduSubjectMapper' and 'com.tl.cmsservice.mapper.EduSubjectMapper' mapperInterface. Bean already defined with the same name!
2020-09-21 13:28:13.486 [main] WARN  org.mybatis.spring.mapper.ClassPathMapperScanner - Skipping MapperFactoryBean with name 'eduTeacherMapper' and 'com.tl.cmsservice.mapper.EduTeacherMapper' mapperInterface. Bean already defined with the same name!
2020-09-21 13:28:13.487 [main] WARN  org.mybatis.spring.mapper.ClassPathMapperScanner - Skipping MapperFactoryBean with name 'eduVideoMapper' and 'com.tl.cmsservice.mapper.EduVideoMapper' mapperInterface. Bean already defined with the same name!
2020-09-21 13:28:13.488 [main] WARN  org.mybatis.spring.mapper.ClassPathMapperScanner - No MyBatis mapper was found in '[com.tl.cmsservice.mapper]' package. Please check your configuration.
2020-09-21 13:28:17.085 [main] WARN  com.netflix.config.sources.URLConfigurationSource - No URLs will be polled as dynamic configuration sources.
2020-09-21 13:28:17.091 [main] WARN  com.netflix.config.sources.URLConfigurationSource - No URLs will be polled as dynamic configuration sources.
2020-09-22 02:45:34.506 [main] WARN  org.mybatis.spring.mapper.ClassPathMapperScanner - No MyBatis mapper was found in '[com.tl.cmsservice.mapper]' package. Please check your configuration.
2020-09-22 02:45:34.600 [main] WARN  org.mybatis.spring.mapper.ClassPathMapperScanner - No MyBatis mapper was found in '[com.tl.cmsservice.mapper]' package. Please check your configuration.
2020-09-22 02:45:34.883 [main] WARN  org.mybatis.spring.mapper.ClassPathMapperScanner - No MyBatis mapper was found in '[com.tl.eduservice]' package. Please check your configuration.
2020-09-22 02:45:37.157 [main] WARN  o.s.b.w.s.c.AnnotationConfigServletWebServerApplicationContext - Exception encountered during context initialization - cancelling refresh attempt: org.springframework.beans.factory.UnsatisfiedDependencyException: Error creating bean with name 'eduChapterController': Unsatisfied dependency expressed through field 'eduChapterService'; nested exception is org.springframework.beans.factory.UnsatisfiedDependencyException: Error creating bean with name 'eduChapterServiceImpl': Unsatisfied dependency expressed through field 'baseMapper'; nested exception is org.springframework.beans.factory.NoSuchBeanDefinitionException: No qualifying bean of type 'com.tl.eduservice.mapper.EduChapterMapper' available: expected at least 1 bean which qualifies as autowire candidate. Dependency annotations: {@org.springframework.beans.factory.annotation.Autowired(required=true)}
2020-09-22 09:23:02.674 [main] WARN  org.mybatis.spring.mapper.ClassPathMapperScanner - No MyBatis mapper was found in '[com.tl.cmsservice.mapper]' package. Please check your configuration.
2020-09-22 09:23:02.734 [main] WARN  org.mybatis.spring.mapper.ClassPathMapperScanner - No MyBatis mapper was found in '[com.tl.cmsservice.mapper]' package. Please check your configuration.
2020-09-22 09:23:02.979 [main] WARN  org.mybatis.spring.mapper.ClassPathMapperScanner - No MyBatis mapper was found in '[com.tl.eduservice]' package. Please check your configuration.
2020-09-22 09:23:04.961 [main] WARN  o.s.b.w.s.c.AnnotationConfigServletWebServerApplicationContext - Exception encountered during context initialization - cancelling refresh attempt: org.springframework.beans.factory.UnsatisfiedDependencyException: Error creating bean with name 'eduChapterController': Unsatisfied dependency expressed through field 'eduChapterService'; nested exception is org.springframework.beans.factory.UnsatisfiedDependencyException: Error creating bean with name 'eduChapterServiceImpl': Unsatisfied dependency expressed through field 'baseMapper'; nested exception is org.springframework.beans.factory.NoSuchBeanDefinitionException: No qualifying bean of type 'com.tl.eduservice.mapper.EduChapterMapper' available: expected at least 1 bean which qualifies as autowire candidate. Dependency annotations: {@org.springframework.beans.factory.annotation.Autowired(required=true)}
2020-09-22 09:33:21.480 [main] WARN  org.mybatis.spring.mapper.ClassPathMapperScanner - No MyBatis mapper was found in '[com.tl.cmsservice.mapper]' package. Please check your configuration.
2020-09-22 09:33:21.530 [main] WARN  org.mybatis.spring.mapper.ClassPathMapperScanner - No MyBatis mapper was found in '[com.tl.cmsservice.mapper]' package. Please check your configuration.
2020-09-22 09:33:21.800 [main] WARN  org.mybatis.spring.mapper.ClassPathMapperScanner - No MyBatis mapper was found in '[com.tl.eduservice]' package. Please check your configuration.
2020-09-22 09:33:23.835 [main] WARN  o.s.b.w.s.c.AnnotationConfigServletWebServerApplicationContext - Exception encountered during context initialization - cancelling refresh attempt: org.springframework.beans.factory.UnsatisfiedDependencyException: Error creating bean with name 'eduChapterController': Unsatisfied dependency expressed through field 'eduChapterService'; nested exception is org.springframework.beans.factory.UnsatisfiedDependencyException: Error creating bean with name 'eduChapterServiceImpl': Unsatisfied dependency expressed through field 'baseMapper'; nested exception is org.springframework.beans.factory.NoSuchBeanDefinitionException: No qualifying bean of type 'com.tl.eduservice.mapper.EduChapterMapper' available: expected at least 1 bean which qualifies as autowire candidate. Dependency annotations: {@org.springframework.beans.factory.annotation.Autowired(required=true)}
2020-09-22 09:34:53.853 [main] WARN  org.mybatis.spring.mapper.ClassPathMapperScanner - No MyBatis mapper was found in '[com.tl.cmsservice.mapper]' package. Please check your configuration.
2020-09-22 09:34:57.588 [main] WARN  com.netflix.config.sources.URLConfigurationSource - No URLs will be polled as dynamic configuration sources.
2020-09-22 09:34:57.596 [main] WARN  com.netflix.config.sources.URLConfigurationSource - No URLs will be polled as dynamic configuration sources.
2020-09-22 10:10:26.630 [main] WARN  org.mybatis.spring.mapper.ClassPathMapperScanner - No MyBatis mapper was found in '[com.tl.cmsservice.mapper]' package. Please check your configuration.
2020-09-22 10:10:31.813 [main] WARN  com.netflix.config.sources.URLConfigurationSource - No URLs will be polled as dynamic configuration sources.
2020-09-22 10:10:31.823 [main] WARN  com.netflix.config.sources.URLConfigurationSource - No URLs will be polled as dynamic configuration sources.
2020-09-22 11:17:52.161 [main] WARN  org.mybatis.spring.mapper.ClassPathMapperScanner - No MyBatis mapper was found in '[com.tl.cmsservice.mapper]' package. Please check your configuration.
2020-09-22 11:17:57.903 [main] WARN  com.netflix.config.sources.URLConfigurationSource - No URLs will be polled as dynamic configuration sources.
2020-09-22 11:17:57.911 [main] WARN  com.netflix.config.sources.URLConfigurationSource - No URLs will be polled as dynamic configuration sources.
2020-09-22 14:22:19.446 [main] WARN  org.mybatis.spring.mapper.ClassPathMapperScanner - No MyBatis mapper was found in '[com.tl.cmsservice.mapper]' package. Please check your configuration.
2020-09-22 14:22:25.224 [main] WARN  com.netflix.config.sources.URLConfigurationSource - No URLs will be polled as dynamic configuration sources.
2020-09-22 14:22:25.232 [main] WARN  com.netflix.config.sources.URLConfigurationSource - No URLs will be polled as dynamic configuration sources.
2020-09-22 15:20:58.285 [main] WARN  org.mybatis.spring.mapper.ClassPathMapperScanner - No MyBatis mapper was found in '[com.tl.cmsservice.mapper]' package. Please check your configuration.
2020-09-22 15:21:05.312 [main] WARN  com.netflix.config.sources.URLConfigurationSource - No URLs will be polled as dynamic configuration sources.
2020-09-22 15:21:05.320 [main] WARN  com.netflix.config.sources.URLConfigurationSource - No URLs will be polled as dynamic configuration sources.
2020-09-22 16:24:07.799 [main] WARN  org.mybatis.spring.mapper.ClassPathMapperScanner - No MyBatis mapper was found in '[com.tl.cmsservice.mapper]' package. Please check your configuration.
2020-09-22 16:24:15.365 [main] WARN  com.netflix.config.sources.URLConfigurationSource - No URLs will be polled as dynamic configuration sources.
2020-09-22 16:24:15.378 [main] WARN  com.netflix.config.sources.URLConfigurationSource - No URLs will be polled as dynamic configuration sources.
2020-09-22 16:24:28.585 [http-nio-8001-exec-1] WARN  org.springframework.web.servlet.PageNotFound - No mapping for GET /swagger-ui.html
2020-09-22 16:24:29.060 [http-nio-8001-exec-2] WARN  org.springframework.web.servlet.PageNotFound - No mapping for GET /favicon.ico
2020-09-22 16:30:42.257 [main] WARN  org.mybatis.spring.mapper.ClassPathMapperScanner - No MyBatis mapper was found in '[com.tl.cmsservice.mapper]' package. Please check your configuration.
2020-09-22 16:30:46.645 [main] WARN  o.s.b.w.s.c.AnnotationConfigServletWebServerApplicationContext - Exception encountered during context initialization - cancelling refresh attempt: org.springframework.beans.factory.UnsatisfiedDependencyException: Error creating bean with name 'courseFrontController': Unsatisfied dependency expressed through field 'ordersClient'; nested exception is org.springframework.beans.factory.NoSuchBeanDefinitionException: No qualifying bean of type 'com.tl.eduservice.client.OrdersClient' available: expected at least 1 bean which qualifies as autowire candidate. Dependency annotations: {@org.springframework.beans.factory.annotation.Autowired(required=true)}
2020-09-22 19:25:52.317 [main] WARN  org.mybatis.spring.mapper.ClassPathMapperScanner - No MyBatis mapper was found in '[com.tl.cmsservice.mapper]' package. Please check your configuration.
2020-09-22 19:25:57.313 [main] WARN  o.s.b.w.s.c.AnnotationConfigServletWebServerApplicationContext - Exception encountered during context initialization - cancelling refresh attempt: org.springframework.beans.factory.UnsatisfiedDependencyException: Error creating bean with name 'courseFrontController': Unsatisfied dependency expressed through field 'ordersClient'; nested exception is org.springframework.beans.factory.NoSuchBeanDefinitionException: No qualifying bean of type 'com.tl.eduservice.client.OrdersClient' available: expected at least 1 bean which qualifies as autowire candidate. Dependency annotations: {@org.springframework.beans.factory.annotation.Autowired(required=true)}
2020-09-22 19:27:38.474 [main] WARN  org.mybatis.spring.mapper.ClassPathMapperScanner - No MyBatis mapper was found in '[com.tl.cmsservice.mapper]' package. Please check your configuration.
2020-09-22 19:27:41.553 [main] WARN  o.s.b.w.s.c.AnnotationConfigServletWebServerApplicationContext - Exception encountered during context initialization - cancelling refresh attempt: org.springframework.beans.factory.UnsatisfiedDependencyException: Error creating bean with name 'courseFrontController': Unsatisfied dependency expressed through field 'ordersClient'; nested exception is org.springframework.beans.factory.NoSuchBeanDefinitionException: No qualifying bean of type 'com.tl.eduservice.client.OrdersClient' available: expected at least 1 bean which qualifies as autowire candidate. Dependency annotations: {@org.springframework.beans.factory.annotation.Autowired(required=true)}
2020-09-22 19:29:23.038 [main] WARN  org.mybatis.spring.mapper.ClassPathMapperScanner - No MyBatis mapper was found in '[com.tl.cmsservice.mapper]' package. Please check your configuration.
2020-09-22 19:29:26.370 [main] WARN  o.s.b.w.s.c.AnnotationConfigServletWebServerApplicationContext - Exception encountered during context initialization - cancelling refresh attempt: org.springframework.beans.factory.UnsatisfiedDependencyException: Error creating bean with name 'courseFrontController': Unsatisfied dependency expressed through field 'ordersClient'; nested exception is org.springframework.beans.factory.NoSuchBeanDefinitionException: No qualifying bean of type 'com.tl.eduservice.client.OrdersClient' available: expected at least 1 bean which qualifies as autowire candidate. Dependency annotations: {@org.springframework.beans.factory.annotation.Autowired(required=true)}
2020-09-22 19:33:02.632 [main] WARN  org.mybatis.spring.mapper.ClassPathMapperScanner - No MyBatis mapper was found in '[com.tl.cmsservice.mapper]' package. Please check your configuration.
2020-09-22 19:33:07.689 [main] WARN  com.netflix.config.sources.URLConfigurationSource - No URLs will be polled as dynamic configuration sources.
2020-09-22 19:33:07.699 [main] WARN  com.netflix.config.sources.URLConfigurationSource - No URLs will be polled as dynamic configuration sources.
2020-09-22 23:33:00.591 [main] WARN  org.mybatis.spring.mapper.ClassPathMapperScanner - No MyBatis mapper was found in '[com.tl.cmsservice.mapper]' package. Please check your configuration.
2020-09-22 23:33:05.771 [main] WARN  com.netflix.config.sources.URLConfigurationSource - No URLs will be polled as dynamic configuration sources.
2020-09-22 23:33:05.779 [main] WARN  com.netflix.config.sources.URLConfigurationSource - No URLs will be polled as dynamic configuration sources.
2020-09-23 00:11:46.317 [main] WARN  org.mybatis.spring.mapper.ClassPathMapperScanner - No MyBatis mapper was found in '[com.tl.cmsservice.mapper]' package. Please check your configuration.
2020-09-23 00:11:51.130 [main] WARN  com.netflix.config.sources.URLConfigurationSource - No URLs will be polled as dynamic configuration sources.
2020-09-23 00:11:51.136 [main] WARN  com.netflix.config.sources.URLConfigurationSource - No URLs will be polled as dynamic configuration sources.
2020-09-23 00:16:28.349 [main] WARN  org.mybatis.spring.mapper.ClassPathMapperScanner - No MyBatis mapper was found in '[com.tl.cmsservice.mapper]' package. Please check your configuration.
2020-09-23 00:16:33.796 [main] WARN  com.netflix.config.sources.URLConfigurationSource - No URLs will be polled as dynamic configuration sources.
2020-09-23 00:16:33.805 [main] WARN  com.netflix.config.sources.URLConfigurationSource - No URLs will be polled as dynamic configuration sources.
2020-09-23 00:17:12.341 [main] WARN  org.mybatis.spring.mapper.ClassPathMapperScanner - No MyBatis mapper was found in '[com.tl.cmsservice.mapper]' package. Please check your configuration.
2020-09-23 00:17:17.913 [main] WARN  com.netflix.config.sources.URLConfigurationSource - No URLs will be polled as dynamic configuration sources.
2020-09-23 00:17:17.920 [main] WARN  com.netflix.config.sources.URLConfigurationSource - No URLs will be polled as dynamic configuration sources.
2020-09-23 00:17:34.089 [main] WARN  org.mybatis.spring.mapper.ClassPathMapperScanner - No MyBatis mapper was found in '[com.tl.cmsservice.mapper]' package. Please check your configuration.
2020-09-23 00:17:39.166 [main] WARN  com.netflix.config.sources.URLConfigurationSource - No URLs will be polled as dynamic configuration sources.
2020-09-23 00:17:39.173 [main] WARN  com.netflix.config.sources.URLConfigurationSource - No URLs will be polled as dynamic configuration sources.
2020-09-23 00:21:03.768 [main] WARN  org.mybatis.spring.mapper.ClassPathMapperScanner - No MyBatis mapper was found in '[com.tl.cmsservice.mapper]' package. Please check your configuration.
2020-09-23 00:21:09.534 [main] WARN  com.netflix.config.sources.URLConfigurationSource - No URLs will be polled as dynamic configuration sources.
2020-09-23 00:21:09.541 [main] WARN  com.netflix.config.sources.URLConfigurationSource - No URLs will be polled as dynamic configuration sources.
2020-09-23 01:10:44.511 [main] WARN  org.mybatis.spring.mapper.ClassPathMapperScanner - No MyBatis mapper was found in '[com.tl.cmsservice.mapper]' package. Please check your configuration.
2020-09-23 01:10:48.973 [main] WARN  com.netflix.config.sources.URLConfigurationSource - No URLs will be polled as dynamic configuration sources.
2020-09-23 01:10:48.982 [main] WARN  com.netflix.config.sources.URLConfigurationSource - No URLs will be polled as dynamic configuration sources.
2020-09-23 02:03:54.519 [main] WARN  org.mybatis.spring.mapper.ClassPathMapperScanner - No MyBatis mapper was found in '[com.tl.cmsservice.mapper]' package. Please check your configuration.
2020-09-23 02:04:00.498 [main] WARN  com.netflix.config.sources.URLConfigurationSource - No URLs will be polled as dynamic configuration sources.
2020-09-23 02:04:00.509 [main] WARN  com.netflix.config.sources.URLConfigurationSource - No URLs will be polled as dynamic configuration sources.
2020-09-23 02:12:56.616 [main] WARN  org.mybatis.spring.mapper.ClassPathMapperScanner - No MyBatis mapper was found in '[com.tl.cmsservice.mapper]' package. Please check your configuration.
2020-09-23 02:13:07.546 [main] WARN  com.netflix.config.sources.URLConfigurationSource - No URLs will be polled as dynamic configuration sources.
2020-09-23 02:13:07.560 [main] WARN  com.netflix.config.sources.URLConfigurationSource - No URLs will be polled as dynamic configuration sources.
2020-09-23 02:49:28.807 [main] WARN  org.mybatis.spring.mapper.ClassPathMapperScanner - No MyBatis mapper was found in '[com.tl.cmsservice.mapper]' package. Please check your configuration.
2020-09-23 02:49:33.723 [main] WARN  com.netflix.config.sources.URLConfigurationSource - No URLs will be polled as dynamic configuration sources.
2020-09-23 02:49:33.736 [main] WARN  com.netflix.config.sources.URLConfigurationSource - No URLs will be polled as dynamic configuration sources.
2020-09-23 03:00:18.759 [main] WARN  org.mybatis.spring.mapper.ClassPathMapperScanner - No MyBatis mapper was found in '[com.tl.cmsservice.mapper]' package. Please check your configuration.
2020-09-23 03:00:24.887 [main] WARN  com.netflix.config.sources.URLConfigurationSource - No URLs will be polled as dynamic configuration sources.
2020-09-23 03:00:24.896 [main] WARN  com.netflix.config.sources.URLConfigurationSource - No URLs will be polled as dynamic configuration sources.
2020-09-23 03:05:06.784 [main] WARN  org.mybatis.spring.mapper.ClassPathMapperScanner - No MyBatis mapper was found in '[com.tl.cmsservice.mapper]' package. Please check your configuration.
2020-09-23 03:05:11.856 [main] WARN  com.netflix.config.sources.URLConfigurationSource - No URLs will be polled as dynamic configuration sources.
2020-09-23 03:05:11.866 [main] WARN  com.netflix.config.sources.URLConfigurationSource - No URLs will be polled as dynamic configuration sources.
2020-09-23 03:08:27.931 [main] WARN  org.mybatis.spring.mapper.ClassPathMapperScanner - No MyBatis mapper was found in '[com.tl.cmsservice.mapper]' package. Please check your configuration.
2020-09-23 03:08:33.139 [main] WARN  com.netflix.config.sources.URLConfigurationSource - No URLs will be polled as dynamic configuration sources.
2020-09-23 03:08:33.150 [main] WARN  com.netflix.config.sources.URLConfigurationSource - No URLs will be polled as dynamic configuration sources.
2020-09-23 03:42:48.048 [main] WARN  org.mybatis.spring.mapper.ClassPathMapperScanner - No MyBatis mapper was found in '[com.tl.cmsservice.mapper]' package. Please check your configuration.
2020-09-23 03:42:54.427 [main] WARN  com.netflix.config.sources.URLConfigurationSource - No URLs will be polled as dynamic configuration sources.
2020-09-23 03:42:54.437 [main] WARN  com.netflix.config.sources.URLConfigurationSource - No URLs will be polled as dynamic configuration sources.
2020-09-23 03:52:26.316 [main] WARN  org.mybatis.spring.mapper.ClassPathMapperScanner - No MyBatis mapper was found in '[com.tl.cmsservice.mapper]' package. Please check your configuration.
2020-09-23 03:52:32.823 [main] WARN  com.netflix.config.sources.URLConfigurationSource - No URLs will be polled as dynamic configuration sources.
2020-09-23 03:52:32.835 [main] WARN  com.netflix.config.sources.URLConfigurationSource - No URLs will be polled as dynamic configuration sources.
2020-09-23 03:56:17.236 [main] WARN  org.mybatis.spring.mapper.ClassPathMapperScanner - No MyBatis mapper was found in '[com.tl.cmsservice.mapper]' package. Please check your configuration.
2020-09-23 03:56:24.025 [main] WARN  com.netflix.config.sources.URLConfigurationSource - No URLs will be polled as dynamic configuration sources.
2020-09-23 03:56:24.038 [main] WARN  com.netflix.config.sources.URLConfigurationSource - No URLs will be polled as dynamic configuration sources.
2020-09-23 10:53:28.203 [main] WARN  org.mybatis.spring.mapper.ClassPathMapperScanner - No MyBatis mapper was found in '[com.tl.cmsservice.mapper]' package. Please check your configuration.
2020-09-23 10:53:33.711 [main] WARN  com.netflix.config.sources.URLConfigurationSource - No URLs will be polled as dynamic configuration sources.
2020-09-23 10:53:33.717 [main] WARN  com.netflix.config.sources.URLConfigurationSource - No URLs will be polled as dynamic configuration sources.
